2026/02/05 11:36:18 app.go:26: успешная миграция БД
2026/02/05 11:36:35 app.go:26: успешная миграция БД
{"time":"2026-02-05T11:51:44.510621+07:00","level":"INFO","msg":"goose: no migrations to run. current version: 20260106111810"}
{"time":"2026-02-05T11:51:44.510817+07:00","level":"INFO","msg":"успешная миграция БД"}
{"time":"2026-02-05T11:53:26.793034+07:00","level":"INFO","msg":"goose: no migrations to run. current version: 20260106111810"}
{"time":"2026-02-05T11:53:26.793239+07:00","level":"INFO","msg":"успешная миграция БД"}
{"time":"2026-02-05T11:53:26.793252+07:00","level":"ERROR","msg":"migration failed","err":"test error"}
{"time":"2026-02-05T11:53:50.825607+07:00","level":"INFO","msg":"goose: no migrations to run. current version: 20260106111810"}
{"time":"2026-02-05T11:53:50.825796+07:00","level":"INFO","msg":"успешная миграция БД"}
{"time":"2026-02-05T11:53:50.825807+07:00","level":"ERROR","msg":"migration failed","err":"test error"}
{"time":"2026-02-05T11:54:09.663694+07:00","level":"INFO","msg":"goose: no migrations to run. current version: 20260106111810"}
{"time":"2026-02-05T11:54:09.663826+07:00","level":"INFO","msg":"успешная миграция БД"}
{"time":"2026-02-05T11:54:09.663836+07:00","level":"ERROR","msg":"migration failed","err":"test error","user_id":123}
{"time":"2026-02-05T12:00:48.577459+07:00","level":"INFO","msg":"goose: no migrations to run. current version: 20260106111810"}
{"time":"2026-02-05T12:00:48.577671+07:00","level":"INFO","msg":"успешная миграция БД"}
{"time":"2026-02-05T22:04:08.18167+07:00","level":"INFO","msg":"goose: no migrations to run. current version: 20260106111810"}
{"time":"2026-02-05T22:04:08.182048+07:00","level":"INFO","msg":"успешная миграция БД"}
{"time":"2026-02-06T10:47:58.161686+07:00","level":"INFO","msg":"goose: no migrations to run. current version: 20260106111810"}
{"time":"2026-02-06T10:47:58.161725+07:00","level":"INFO","msg":"успешная миграция БД"}
{"time":"2026-02-06T11:28:15.875563+07:00","level":"INFO","msg":"OK   20260106111810_create_files_table.sql (17.58ms)"}
{"time":"2026-02-06T11:28:15.881098+07:00","level":"INFO","msg":"OK   20260106111711_create_ads_table.sql (5.44ms)"}
{"time":"2026-02-06T11:28:15.883068+07:00","level":"INFO","msg":"OK   20260106111555_create_users_table.sql (1.93ms)"}
{"time":"2026-02-06T11:28:15.88583+07:00","level":"INFO","msg":"OK   20260106111153_create_city_table.sql (2.61ms)"}
{"time":"2026-02-06T11:28:15.887594+07:00","level":"INFO","msg":"OK   20260106110727_create_category_table.sql (1.69ms)"}
{"time":"2026-02-06T11:28:15.887738+07:00","level":"INFO","msg":"rollback всех таблиц"}
{"time":"2026-02-06T11:28:15.896563+07:00","level":"INFO","msg":"OK   20260106110727_create_category_table.sql (8.32ms)"}
{"time":"2026-02-06T11:28:15.899604+07:00","level":"INFO","msg":"OK   20260106111153_create_city_table.sql (3.01ms)"}
{"time":"2026-02-06T11:28:15.903292+07:00","level":"INFO","msg":"OK   20260106111555_create_users_table.sql (3.66ms)"}
{"time":"2026-02-06T11:28:15.908418+07:00","level":"INFO","msg":"OK   20260106111711_create_ads_table.sql (5.07ms)"}
{"time":"2026-02-06T11:28:15.913225+07:00","level":"INFO","msg":"OK   20260106111810_create_files_table.sql (4.78ms)"}
{"time":"2026-02-06T11:28:15.913249+07:00","level":"INFO","msg":"goose: successfully migrated database to version: 20260106111810"}
{"time":"2026-02-06T11:28:15.913263+07:00","level":"INFO","msg":"успешная миграция БД"}
{"time":"2026-02-06T11:28:16.009808+07:00","level":"INFO","msg":"сиды успешно добавлены"}
{"time":"2026-02-06T11:29:02.248512+07:00","level":"INFO","msg":"OK   20260106111810_create_files_table.sql (5.67ms)"}
{"time":"2026-02-06T11:29:02.253373+07:00","level":"INFO","msg":"OK   20260106111711_create_ads_table.sql (4.83ms)"}
{"time":"2026-02-06T11:29:02.25574+07:00","level":"INFO","msg":"OK   20260106111555_create_users_table.sql (2.34ms)"}
{"time":"2026-02-06T11:29:02.257863+07:00","level":"INFO","msg":"OK   20260106111153_create_city_table.sql (2.08ms)"}
{"time":"2026-02-06T11:29:02.259731+07:00","level":"INFO","msg":"OK   20260106110727_create_category_table.sql (1.82ms)"}
{"time":"2026-02-06T11:29:02.259824+07:00","level":"INFO","msg":"rollback всех таблиц"}
{"time":"2026-02-06T11:29:02.263604+07:00","level":"INFO","msg":"OK   20260106110727_create_category_table.sql (3.43ms)"}
{"time":"2026-02-06T11:29:02.266649+07:00","level":"INFO","msg":"OK   20260106111153_create_city_table.sql (3.02ms)"}
{"time":"2026-02-06T11:29:02.269608+07:00","level":"INFO","msg":"OK   20260106111555_create_users_table.sql (2.94ms)"}
{"time":"2026-02-06T11:29:02.273621+07:00","level":"INFO","msg":"OK   20260106111711_create_ads_table.sql (3.99ms)"}
{"time":"2026-02-06T11:29:02.279017+07:00","level":"INFO","msg":"OK   20260106111810_create_files_table.sql (5.38ms)"}
{"time":"2026-02-06T11:29:02.279026+07:00","level":"INFO","msg":"goose: successfully migrated database to version: 20260106111810"}
{"time":"2026-02-06T11:29:02.279032+07:00","level":"INFO","msg":"успешная миграция БД"}
{"time":"2026-02-06T11:29:02.364694+07:00","level":"INFO","msg":"сиды успешно добавлены"}
{"time":"2026-02-06T11:29:08.800787+07:00","level":"INFO","msg":"OK   20260106111810_create_files_table.sql (6.36ms)"}
{"time":"2026-02-06T11:29:08.805173+07:00","level":"INFO","msg":"OK   20260106111711_create_ads_table.sql (4.28ms)"}
{"time":"2026-02-06T11:29:08.808081+07:00","level":"INFO","msg":"OK   20260106111555_create_users_table.sql (2.86ms)"}
{"time":"2026-02-06T11:29:08.809523+07:00","level":"INFO","msg":"OK   20260106111153_create_city_table.sql (1.4ms)"}
{"time":"2026-02-06T11:29:08.811224+07:00","level":"INFO","msg":"OK   20260106110727_create_category_table.sql (1.68ms)"}
{"time":"2026-02-06T11:29:08.811329+07:00","level":"INFO","msg":"rollback всех таблиц"}
{"time":"2026-02-06T11:29:08.816407+07:00","level":"INFO","msg":"OK   20260106110727_create_category_table.sql (4.65ms)"}
{"time":"2026-02-06T11:29:08.819955+07:00","level":"INFO","msg":"OK   20260106111153_create_city_table.sql (3.52ms)"}
{"time":"2026-02-06T11:29:08.822502+07:00","level":"INFO","msg":"OK   20260106111555_create_users_table.sql (2.51ms)"}
{"time":"2026-02-06T11:29:08.827121+07:00","level":"INFO","msg":"OK   20260106111711_create_ads_table.sql (4.59ms)"}
{"time":"2026-02-06T11:29:08.832057+07:00","level":"INFO","msg":"OK   20260106111810_create_files_table.sql (4.91ms)"}
{"time":"2026-02-06T11:29:08.832075+07:00","level":"INFO","msg":"goose: successfully migrated database to version: 20260106111810"}
{"time":"2026-02-06T11:29:08.832087+07:00","level":"INFO","msg":"успешная миграция БД"}
{"time":"2026-02-06T11:29:08.914728+07:00","level":"INFO","msg":"сиды успешно добавлены"}
{"time":"2026-02-06T11:29:15.157462+07:00","level":"INFO","msg":"OK   20260106111810_create_files_table.sql (7.08ms)"}
{"time":"2026-02-06T11:29:15.163438+07:00","level":"INFO","msg":"OK   20260106111711_create_ads_table.sql (5.9ms)"}
{"time":"2026-02-06T11:29:15.166165+07:00","level":"INFO","msg":"OK   20260106111555_create_users_table.sql (2.68ms)"}
{"time":"2026-02-06T11:29:15.167916+07:00","level":"INFO","msg":"OK   20260106111153_create_city_table.sql (1.67ms)"}
{"time":"2026-02-06T11:29:15.170773+07:00","level":"INFO","msg":"OK   20260106110727_create_category_table.sql (2.83ms)"}
{"time":"2026-02-06T11:29:15.170876+07:00","level":"INFO","msg":"rollback всех таблиц"}
{"time":"2026-02-06T11:29:15.176407+07:00","level":"INFO","msg":"OK   20260106110727_create_category_table.sql (5.2ms)"}
{"time":"2026-02-06T11:29:15.17958+07:00","level":"INFO","msg":"OK   20260106111153_create_city_table.sql (3.14ms)"}
{"time":"2026-02-06T11:29:15.182918+07:00","level":"INFO","msg":"OK   20260106111555_create_users_table.sql (3.16ms)"}
{"time":"2026-02-06T11:29:15.187036+07:00","level":"INFO","msg":"OK   20260106111711_create_ads_table.sql (4.09ms)"}
{"time":"2026-02-06T11:29:15.19046+07:00","level":"INFO","msg":"OK   20260106111810_create_files_table.sql (3.4ms)"}
{"time":"2026-02-06T11:29:15.190494+07:00","level":"INFO","msg":"goose: successfully migrated database to version: 20260106111810"}
{"time":"2026-02-06T11:29:15.190505+07:00","level":"INFO","msg":"успешная миграция БД"}
{"time":"2026-02-06T11:29:15.273354+07:00","level":"INFO","msg":"сиды успешно добавлены"}
{"time":"2026-02-06T11:29:37.650496+07:00","level":"INFO","msg":"OK   20260106111810_create_files_table.sql (4.28ms)"}
{"time":"2026-02-06T11:29:37.652994+07:00","level":"INFO","msg":"OK   20260106111711_create_ads_table.sql (2.42ms)"}
{"time":"2026-02-06T11:29:37.655147+07:00","level":"INFO","msg":"OK   20260106111555_create_users_table.sql (2.13ms)"}
{"time":"2026-02-06T11:29:37.656877+07:00","level":"INFO","msg":"OK   20260106111153_create_city_table.sql (1.71ms)"}
{"time":"2026-02-06T11:29:37.658041+07:00","level":"INFO","msg":"OK   20260106110727_create_category_table.sql (1.14ms)"}
{"time":"2026-02-06T11:29:37.658105+07:00","level":"INFO","msg":"rollback всех таблиц"}
{"time":"2026-02-06T11:29:37.661416+07:00","level":"INFO","msg":"OK   20260106110727_create_category_table.sql (2.98ms)"}
{"time":"2026-02-06T11:29:37.66436+07:00","level":"INFO","msg":"OK   20260106111153_create_city_table.sql (2.92ms)"}
{"time":"2026-02-06T11:29:37.667182+07:00","level":"INFO","msg":"OK   20260106111555_create_users_table.sql (2.8ms)"}
{"time":"2026-02-06T11:29:37.67021+07:00","level":"INFO","msg":"OK   20260106111711_create_ads_table.sql (3ms)"}
{"time":"2026-02-06T11:29:37.672708+07:00","level":"INFO","msg":"OK   20260106111810_create_files_table.sql (2.47ms)"}
{"time":"2026-02-06T11:29:37.67272+07:00","level":"INFO","msg":"goose: successfully migrated database to version: 20260106111810"}
{"time":"2026-02-06T11:29:37.672728+07:00","level":"INFO","msg":"успешная миграция БД"}
{"time":"2026-02-06T11:29:37.753307+07:00","level":"INFO","msg":"сиды успешно добавлены"}
{"time":"2026-02-06T11:30:56.587142+07:00","level":"INFO","msg":"OK   20260106111810_create_files_table.sql (5.57ms)"}
{"time":"2026-02-06T11:30:56.591317+07:00","level":"INFO","msg":"OK   20260106111711_create_ads_table.sql (3.97ms)"}
{"time":"2026-02-06T11:30:56.593764+07:00","level":"INFO","msg":"OK   20260106111555_create_users_table.sql (2.41ms)"}
{"time":"2026-02-06T11:30:56.596473+07:00","level":"INFO","msg":"OK   20260106111153_create_city_table.sql (2.68ms)"}
{"time":"2026-02-06T11:30:56.598845+07:00","level":"INFO","msg":"OK   20260106110727_create_category_table.sql (2.35ms)"}
{"time":"2026-02-06T11:30:56.598943+07:00","level":"INFO","msg":"rollback всех таблиц"}
{"time":"2026-02-06T11:30:56.604561+07:00","level":"INFO","msg":"OK   20260106110727_create_category_table.sql (5.14ms)"}
{"time":"2026-02-06T11:30:56.609082+07:00","level":"INFO","msg":"OK   20260106111153_create_city_table.sql (4.5ms)"}
{"time":"2026-02-06T11:30:56.61445+07:00","level":"INFO","msg":"OK   20260106111555_create_users_table.sql (5.34ms)"}
{"time":"2026-02-06T11:30:56.619376+07:00","level":"INFO","msg":"OK   20260106111711_create_ads_table.sql (4.9ms)"}
{"time":"2026-02-06T11:30:56.624341+07:00","level":"INFO","msg":"OK   20260106111810_create_files_table.sql (4.93ms)"}
{"time":"2026-02-06T11:30:56.624354+07:00","level":"INFO","msg":"goose: successfully migrated database to version: 20260106111810"}
{"time":"2026-02-06T11:30:56.624364+07:00","level":"INFO","msg":"успешная миграция БД"}
{"time":"2026-02-06T11:30:56.711922+07:00","level":"INFO","msg":"сиды успешно добавлены"}
{"time":"2026-02-06T11:32:47.930189+07:00","level":"INFO","msg":"OK   20260106111810_create_files_table.sql (8.31ms)"}
{"time":"2026-02-06T11:32:47.93714+07:00","level":"INFO","msg":"OK   20260106111711_create_ads_table.sql (6.68ms)"}
{"time":"2026-02-06T11:32:47.941744+07:00","level":"INFO","msg":"OK   20260106111555_create_users_table.sql (4.45ms)"}
{"time":"2026-02-06T11:32:47.946262+07:00","level":"INFO","msg":"OK   20260106111153_create_city_table.sql (4.45ms)"}
{"time":"2026-02-06T11:32:47.950042+07:00","level":"INFO","msg":"OK   20260106110727_create_category_table.sql (3.45ms)"}
{"time":"2026-02-06T11:32:47.950154+07:00","level":"INFO","msg":"rollback всех таблиц"}
{"time":"2026-02-06T11:32:47.96064+07:00","level":"INFO","msg":"OK   20260106110727_create_category_table.sql (9.92ms)"}
{"time":"2026-02-06T11:32:47.966735+07:00","level":"INFO","msg":"OK   20260106111153_create_city_table.sql (6.02ms)"}
{"time":"2026-02-06T11:32:47.971023+07:00","level":"INFO","msg":"OK   20260106111555_create_users_table.sql (4.25ms)"}
{"time":"2026-02-06T11:32:47.979424+07:00","level":"INFO","msg":"OK   20260106111711_create_ads_table.sql (8.37ms)"}
{"time":"2026-02-06T11:32:47.982516+07:00","level":"INFO","msg":"OK   20260106111810_create_files_table.sql (3.07ms)"}
{"time":"2026-02-06T11:32:47.982534+07:00","level":"INFO","msg":"goose: successfully migrated database to version: 20260106111810"}
{"time":"2026-02-06T11:32:47.982543+07:00","level":"INFO","msg":"успешная миграция БД"}
{"time":"2026-02-06T11:32:48.072142+07:00","level":"INFO","msg":"сиды успешно добавлены"}
{"time":"2026-02-06T11:44:12.515914+07:00","level":"INFO","msg":"OK   20260106111810_create_files_table.sql (5.24ms)"}
{"time":"2026-02-06T11:44:12.52005+07:00","level":"INFO","msg":"OK   20260106111711_create_ads_table.sql (4.08ms)"}
{"time":"2026-02-06T11:44:12.522179+07:00","level":"INFO","msg":"OK   20260106111555_create_users_table.sql (2.08ms)"}
{"time":"2026-02-06T11:44:12.523784+07:00","level":"INFO","msg":"OK   20260106111153_create_city_table.sql (1.58ms)"}
{"time":"2026-02-06T11:44:12.525335+07:00","level":"INFO","msg":"OK   20260106110727_create_category_table.sql (1.53ms)"}
{"time":"2026-02-06T11:44:12.525396+07:00","level":"INFO","msg":"rollback всех таблиц"}
{"time":"2026-02-06T11:44:12.529976+07:00","level":"INFO","msg":"OK   20260106110727_create_category_table.sql (4.29ms)"}
{"time":"2026-02-06T11:44:12.532616+07:00","level":"INFO","msg":"OK   20260106111153_create_city_table.sql (2.63ms)"}
{"time":"2026-02-06T11:44:12.534609+07:00","level":"INFO","msg":"OK   20260106111555_create_users_table.sql (1.98ms)"}
{"time":"2026-02-06T11:44:12.538611+07:00","level":"INFO","msg":"OK   20260106111711_create_ads_table.sql (3.99ms)"}
{"time":"2026-02-06T11:44:12.542185+07:00","level":"INFO","msg":"OK   20260106111810_create_files_table.sql (3.55ms)"}
{"time":"2026-02-06T11:44:12.542282+07:00","level":"INFO","msg":"goose: successfully migrated database to version: 20260106111810"}
{"time":"2026-02-06T11:44:12.542294+07:00","level":"INFO","msg":"успешная миграция БД"}
{"time":"2026-02-06T11:44:12.628927+07:00","level":"INFO","msg":"сиды успешно добавлены"}
{"time":"2026-02-06T21:57:28.506255+07:00","level":"INFO","msg":"OK   20260106111810_create_files_table.sql (14.76ms)"}
{"time":"2026-02-06T21:57:28.510934+07:00","level":"INFO","msg":"OK   20260106111711_create_ads_table.sql (4.25ms)"}
{"time":"2026-02-06T21:57:28.513401+07:00","level":"INFO","msg":"OK   20260106111555_create_users_table.sql (2.4ms)"}
{"time":"2026-02-06T21:57:28.516258+07:00","level":"INFO","msg":"OK   20260106111153_create_city_table.sql (2.77ms)"}
{"time":"2026-02-06T21:57:28.518202+07:00","level":"INFO","msg":"OK   20260106110727_create_category_table.sql (1.86ms)"}
{"time":"2026-02-06T21:57:28.518341+07:00","level":"INFO","msg":"rollback всех таблиц"}
{"time":"2026-02-06T21:57:28.532043+07:00","level":"INFO","msg":"OK   20260106110727_create_category_table.sql (13.09ms)"}
{"time":"2026-02-06T21:57:28.535898+07:00","level":"INFO","msg":"OK   20260106111153_create_city_table.sql (3.76ms)"}
{"time":"2026-02-06T21:57:28.539141+07:00","level":"INFO","msg":"OK   20260106111555_create_users_table.sql (3.14ms)"}
{"time":"2026-02-06T21:57:28.545805+07:00","level":"INFO","msg":"OK   20260106111711_create_ads_table.sql (6.58ms)"}
{"time":"2026-02-06T21:57:28.550609+07:00","level":"INFO","msg":"OK   20260106111810_create_files_table.sql (4.76ms)"}
{"time":"2026-02-06T21:57:28.550674+07:00","level":"INFO","msg":"goose: successfully migrated database to version: 20260106111810"}
{"time":"2026-02-06T21:57:28.550687+07:00","level":"INFO","msg":"успешная миграция БД"}
{"time":"2026-02-06T21:57:28.647693+07:00","level":"INFO","msg":"сиды успешно добавлены"}
{"time":"2026-02-06T22:08:46.631355+07:00","level":"INFO","msg":"OK   20260106111810_create_files_table.sql (6.09ms)"}
{"time":"2026-02-06T22:08:46.635906+07:00","level":"INFO","msg":"OK   20260106111711_create_ads_table.sql (4.44ms)"}
{"time":"2026-02-06T22:08:46.638919+07:00","level":"INFO","msg":"OK   20260106111555_create_users_table.sql (2.96ms)"}
{"time":"2026-02-06T22:08:46.641426+07:00","level":"INFO","msg":"OK   20260106111153_create_city_table.sql (2.47ms)"}
{"time":"2026-02-06T22:08:46.643332+07:00","level":"INFO","msg":"OK   20260106110727_create_category_table.sql (1.88ms)"}
{"time":"2026-02-06T22:08:46.643401+07:00","level":"INFO","msg":"rollback всех таблиц"}
{"time":"2026-02-06T22:08:46.648574+07:00","level":"INFO","msg":"OK   20260106110727_create_category_table.sql (4.79ms)"}
{"time":"2026-02-06T22:08:46.652058+07:00","level":"INFO","msg":"OK   20260106111153_create_city_table.sql (3.45ms)"}
{"time":"2026-02-06T22:08:46.655243+07:00","level":"INFO","msg":"OK   20260106111555_create_users_table.sql (3.13ms)"}
{"time":"2026-02-06T22:08:46.65988+07:00","level":"INFO","msg":"OK   20260106111711_create_ads_table.sql (4.6ms)"}
{"time":"2026-02-06T22:08:46.663192+07:00","level":"INFO","msg":"OK   20260106111810_create_files_table.sql (3.29ms)"}
{"time":"2026-02-06T22:08:46.663232+07:00","level":"INFO","msg":"goose: successfully migrated database to version: 20260106111810"}
{"time":"2026-02-06T22:08:46.663248+07:00","level":"INFO","msg":"успешная миграция БД"}
{"time":"2026-02-06T22:08:46.745494+07:00","level":"INFO","msg":"сиды успешно добавлены"}
{"time":"2026-02-06T22:18:39.427515+07:00","level":"INFO","msg":"OK   20260106111810_create_files_table.sql (6.12ms)"}
{"time":"2026-02-06T22:18:39.432717+07:00","level":"INFO","msg":"OK   20260106111711_create_ads_table.sql (5.1ms)"}
{"time":"2026-02-06T22:18:39.436145+07:00","level":"INFO","msg":"OK   20260106111555_create_users_table.sql (3.37ms)"}
{"time":"2026-02-06T22:18:39.438323+07:00","level":"INFO","msg":"OK   20260106111153_create_city_table.sql (2.14ms)"}
{"time":"2026-02-06T22:18:39.440056+07:00","level":"INFO","msg":"OK   20260106110727_create_category_table.sql (1.7ms)"}
{"time":"2026-02-06T22:18:39.440105+07:00","level":"INFO","msg":"rollback всех таблиц"}
{"time":"2026-02-06T22:18:39.443298+07:00","level":"INFO","msg":"OK   20260106110727_create_category_table.sql (2.96ms)"}
{"time":"2026-02-06T22:18:39.445881+07:00","level":"INFO","msg":"OK   20260106111153_create_city_table.sql (2.54ms)"}
{"time":"2026-02-06T22:18:39.448296+07:00","level":"INFO","msg":"OK   20260106111555_create_users_table.sql (2.39ms)"}
{"time":"2026-02-06T22:18:39.452483+07:00","level":"INFO","msg":"OK   20260106111711_create_ads_table.sql (4.17ms)"}
{"time":"2026-02-06T22:18:39.45591+07:00","level":"INFO","msg":"OK   20260106111810_create_files_table.sql (3.41ms)"}
{"time":"2026-02-06T22:18:39.455922+07:00","level":"INFO","msg":"goose: successfully migrated database to version: 20260106111810"}
{"time":"2026-02-06T22:18:39.45593+07:00","level":"INFO","msg":"успешная миграция БД"}
{"time":"2026-02-06T22:18:44.327985+07:00","level":"INFO","msg":"сиды успешно добавлены"}
{"time":"2026-02-06T22:19:20.463958+07:00","level":"INFO","msg":"OK   20260106111810_create_files_table.sql (5.97ms)"}
{"time":"2026-02-06T22:19:20.469393+07:00","level":"INFO","msg":"OK   20260106111711_create_ads_table.sql (5.31ms)"}
{"time":"2026-02-06T22:19:20.471507+07:00","level":"INFO","msg":"OK   20260106111555_create_users_table.sql (2.07ms)"}
{"time":"2026-02-06T22:19:20.473251+07:00","level":"INFO","msg":"OK   20260106111153_create_city_table.sql (1.63ms)"}
{"time":"2026-02-06T22:19:20.476143+07:00","level":"INFO","msg":"OK   20260106110727_create_category_table.sql (2.85ms)"}
{"time":"2026-02-06T22:19:20.476248+07:00","level":"INFO","msg":"rollback всех таблиц"}
{"time":"2026-02-06T22:19:20.482949+07:00","level":"INFO","msg":"OK   20260106110727_create_category_table.sql (6.32ms)"}
{"time":"2026-02-06T22:19:20.486391+07:00","level":"INFO","msg":"OK   20260106111153_create_city_table.sql (3.42ms)"}
{"time":"2026-02-06T22:19:20.489505+07:00","level":"INFO","msg":"OK   20260106111555_create_users_table.sql (3.08ms)"}
{"time":"2026-02-06T22:19:20.492835+07:00","level":"INFO","msg":"OK   20260106111711_create_ads_table.sql (3.26ms)"}
{"time":"2026-02-06T22:19:20.497368+07:00","level":"INFO","msg":"OK   20260106111810_create_files_table.sql (4.49ms)"}
{"time":"2026-02-06T22:19:20.497391+07:00","level":"INFO","msg":"goose: successfully migrated database to version: 20260106111810"}
{"time":"2026-02-06T22:19:20.497403+07:00","level":"INFO","msg":"успешная миграция БД"}
{"time":"2026-02-06T22:19:25.266838+07:00","level":"INFO","msg":"сиды успешно добавлены"}
{"time":"2026-02-06T22:32:35.824767+07:00","level":"INFO","msg":"OK   20260106111810_create_files_table.sql (6.89ms)"}
{"time":"2026-02-06T22:32:35.830524+07:00","level":"INFO","msg":"OK   20260106111711_create_ads_table.sql (5.67ms)"}
{"time":"2026-02-06T22:32:35.832417+07:00","level":"INFO","msg":"OK   20260106111555_create_users_table.sql (1.85ms)"}
{"time":"2026-02-06T22:32:35.834808+07:00","level":"INFO","msg":"OK   20260106111153_create_city_table.sql (2.34ms)"}
{"time":"2026-02-06T22:32:35.83615+07:00","level":"INFO","msg":"OK   20260106110727_create_category_table.sql (1.29ms)"}
{"time":"2026-02-06T22:32:35.836241+07:00","level":"INFO","msg":"rollback всех таблиц"}
{"time":"2026-02-06T22:32:35.841775+07:00","level":"INFO","msg":"OK   20260106110727_create_category_table.sql (5.09ms)"}
{"time":"2026-02-06T22:32:35.84489+07:00","level":"INFO","msg":"OK   20260106111153_create_city_table.sql (3.09ms)"}
{"time":"2026-02-06T22:32:35.847531+07:00","level":"INFO","msg":"OK   20260106111555_create_users_table.sql (2.62ms)"}
{"time":"2026-02-06T22:32:35.850892+07:00","level":"INFO","msg":"OK   20260106111711_create_ads_table.sql (3.34ms)"}
{"time":"2026-02-06T22:32:35.854633+07:00","level":"INFO","msg":"OK   20260106111810_create_files_table.sql (3.68ms)"}
{"time":"2026-02-06T22:32:35.854659+07:00","level":"INFO","msg":"goose: successfully migrated database to version: 20260106111810"}
{"time":"2026-02-06T22:32:35.854672+07:00","level":"INFO","msg":"успешная миграция БД"}
{"time":"2026-02-06T22:32:40.980909+07:00","level":"INFO","msg":"сиды успешно добавлены"}
{"time":"2026-02-06T22:35:25.498134+07:00","level":"INFO","msg":"OK   20260106111810_create_files_table.sql (6.16ms)"}
{"time":"2026-02-06T22:35:25.502353+07:00","level":"INFO","msg":"OK   20260106111711_create_ads_table.sql (4.11ms)"}
{"time":"2026-02-06T22:35:25.504661+07:00","level":"INFO","msg":"OK   20260106111555_create_users_table.sql (2.27ms)"}
{"time":"2026-02-06T22:35:25.507057+07:00","level":"INFO","msg":"OK   20260106111153_create_city_table.sql (2.36ms)"}
{"time":"2026-02-06T22:35:25.509261+07:00","level":"INFO","msg":"OK   20260106110727_create_category_table.sql (2.18ms)"}
{"time":"2026-02-06T22:35:25.50936+07:00","level":"INFO","msg":"rollback всех таблиц"}
{"time":"2026-02-06T22:35:25.515476+07:00","level":"INFO","msg":"OK   20260106110727_create_category_table.sql (5.66ms)"}
{"time":"2026-02-06T22:35:25.51853+07:00","level":"INFO","msg":"OK   20260106111153_create_city_table.sql (3.01ms)"}
{"time":"2026-02-06T22:35:25.521144+07:00","level":"INFO","msg":"OK   20260106111555_create_users_table.sql (2.58ms)"}
{"time":"2026-02-06T22:35:25.524755+07:00","level":"INFO","msg":"OK   20260106111711_create_ads_table.sql (3.58ms)"}
{"time":"2026-02-06T22:35:25.528333+07:00","level":"INFO","msg":"OK   20260106111810_create_files_table.sql (3.55ms)"}
{"time":"2026-02-06T22:35:25.528361+07:00","level":"INFO","msg":"goose: successfully migrated database to version: 20260106111810"}
{"time":"2026-02-06T22:35:25.528375+07:00","level":"INFO","msg":"успешная миграция БД"}
{"time":"2026-02-06T22:35:33.055447+07:00","level":"INFO","msg":"сиды успешно добавлены"}
{"time":"2026-02-06T22:35:49.41923+07:00","level":"INFO","msg":"goose: no migrations to run. current version: 20260106111810"}
{"time":"2026-02-06T22:35:49.419405+07:00","level":"INFO","msg":"успешная миграция БД"}
{"time":"2026-02-06T22:39:50.772211+07:00","level":"INFO","msg":"goose: no migrations to run. current version: 20260106111810"}
{"time":"2026-02-06T22:39:50.772253+07:00","level":"INFO","msg":"успешная миграция БД"}
{"time":"2026-02-07T10:42:00.662593+07:00","level":"INFO","msg":"goose: no migrations to run. current version: 20260106111810"}
{"time":"2026-02-07T10:42:00.663868+07:00","level":"INFO","msg":"успешная миграция БД"}
{"time":"2026-02-07T11:40:36.800464+07:00","level":"INFO","msg":"goose: no migrations to run. current version: 20260106111810"}
{"time":"2026-02-07T11:40:36.800659+07:00","level":"INFO","msg":"успешная миграция БД"}
{"time":"2026-02-07T12:37:59.507219+07:00","level":"INFO","msg":"goose: no migrations to run. current version: 20260106111810"}
{"time":"2026-02-07T12:37:59.507597+07:00","level":"INFO","msg":"успешная миграция БД"}
{"time":"2026-02-07T12:38:12.441501+07:00","level":"ERROR","msg":"ошибка при загрузке списка объявлений","err":"ERROR: column \"category_вid\" does not exist (SQLSTATE 42703)"}
{"time":"2026-02-07T12:39:53.569774+07:00","level":"INFO","msg":"goose: no migrations to run. current version: 20260106111810"}
{"time":"2026-02-07T12:39:53.569987+07:00","level":"INFO","msg":"успешная миграция БД"}
{"time":"2026-02-07T12:43:05.552685+07:00","level":"INFO","msg":"goose: no migrations to run. current version: 20260106111810"}
{"time":"2026-02-07T12:43:05.552997+07:00","level":"INFO","msg":"успешная миграция БД"}
{"time":"2026-02-07T12:44:35.380114+07:00","level":"INFO","msg":"goose: no migrations to run. current version: 20260106111810"}
{"time":"2026-02-07T12:44:35.380335+07:00","level":"INFO","msg":"успешная миграция БД"}
{"time":"2026-02-07T12:44:40.833737+07:00","level":"INFO","msg":"panic: test panic"}
{"time":"2026-02-07T12:51:24.564062+07:00","level":"INFO","msg":"goose: no migrations to run. current version: 20260106111810"}
{"time":"2026-02-07T12:51:24.564445+07:00","level":"INFO","msg":"успешная миграция БД"}
{"time":"2026-02-07T12:51:28.218839+07:00","level":"ERROR","msg":"panic recovered","error":"test panic","stack":"goroutine 11 [running]:\nruntime/debug.Stack()\n\t/opt/homebrew/Cellar/go/1.25.3/libexec/src/runtime/debug/stack.go:26 +0x64\nvietio/internal/app.RunHttpServer.RecoverMiddleware.func8.1()\n\t/Users/vladimir/brainstorm/vietio/internal/middleware/recover.go:15 +0x88\npanic({0x104d51840?, 0x104f00160?})\n\t/opt/homebrew/Cellar/go/1.25.3/libexec/src/runtime/panic.go:783 +0x120\nvietio/internal/ads.(*Repository).FindAds(...)\n\t/Users/vladimir/brainstorm/vietio/internal/ads/repository.go:33\nvietio/internal/ads.(*Service).GetAds(0x140002e7740, {0x1?, 0x1049de92b?}, {0x10408eafc?, 0x140002fe6a8?, {0x1400030c2e7?, 0x14000091948?}})\n\t/Users/vladimir/brainstorm/vietio/internal/ads/service.go:84 +0x78\nvietio/internal/ads.(*Handler).GetAds(0x1400003fef0, {0x104f145f8, 0x140000c7680}, 0x140002c2c80)\n\t/Users/vladimir/brainstorm/vietio/internal/ads/handler.go:36 +0x154\nnet/http.HandlerFunc.ServeHTTP(0x14000270cc0?, {0x104f145f8?, 0x140000c7680?}, 0x0?)\n\t/opt/homebrew/Cellar/go/1.25.3/libexec/src/net/http/server.go:2322 +0x38\nnet/http.(*ServeMux).ServeHTTP(0x14000083008?, {0x104f145f8, 0x140000c7680}, 0x140002c2c80)\n\t/opt/homebrew/Cellar/go/1.25.3/libexec/src/net/http/server.go:2861 +0x190\nvietio/internal/app.RunHttpServer.RecoverMiddleware.func8({0x104f145f8?, 0x140000c7680?}, 0x140000806d0?)\n\t/Users/vladimir/brainstorm/vietio/internal/middleware/recover.go:23 +0x6c\nnet/http.HandlerFunc.ServeHTTP(0x140002b15a0?, {0x104f145f8?, 0x140000c7680?}, 0x14000091b50?)\n\t/opt/homebrew/Cellar/go/1.25.3/libexec/src/net/http/server.go:2322 +0x38\nnet/http.serverHandler.ServeHTTP({0x140002a9200?}, {0x104f145f8?, 0x140000c7680?}, 0x6?)\n\t/opt/homebrew/Cellar/go/1.25.3/libexec/src/net/http/server.go:3340 +0xb0\nnet/http.(*conn).serve(0x14000261830, {0x104f16008, 0x140002e7b30})\n\t/opt/homebrew/Cellar/go/1.25.3/libexec/src/net/http/server.go:2109 +0x528\ncreated by net/http.(*Server).Serve in goroutine 1\n\t/opt/homebrew/Cellar/go/1.25.3/libexec/src/net/http/server.go:3493 +0x384\n","method":"GET","path":"/api/ads"}
{"time":"2026-02-07T12:52:26.71913+07:00","level":"INFO","msg":"goose: no migrations to run. current version: 20260106111810"}
{"time":"2026-02-07T12:52:26.719359+07:00","level":"INFO","msg":"успешная миграция БД"}
{"time":"2026-02-07T13:57:02.923381+07:00","level":"INFO","msg":"goose: no migrations to run. current version: 20260106111810"}
{"time":"2026-02-07T13:57:02.923831+07:00","level":"INFO","msg":"успешная миграция БД"}
{"time":"2026-02-07T13:57:38.718524+07:00","level":"INFO","msg":"goose: no migrations to run. current version: 20260106111810"}
{"time":"2026-02-07T13:57:38.718564+07:00","level":"INFO","msg":"успешная миграция БД"}
{"time":"2026-02-07T13:59:42.195404+07:00","level":"INFO","msg":"goose: no migrations to run. current version: 20260106111810"}
{"time":"2026-02-07T13:59:42.195447+07:00","level":"INFO","msg":"успешная миграция БД"}
{"time":"2026-02-07T14:00:29.209737+07:00","level":"INFO","msg":"goose: no migrations to run. current version: 20260106111810"}
{"time":"2026-02-07T14:00:29.209777+07:00","level":"INFO","msg":"успешная миграция БД"}
{"time":"2026-02-10T10:44:24.171706+07:00","level":"INFO","msg":"goose: no migrations to run. current version: 20260106111810"}
{"time":"2026-02-10T10:44:24.173045+07:00","level":"INFO","msg":"успешная миграция БД"}
{"time":"2026-02-10T11:06:38.319233+07:00","level":"INFO","msg":"goose: no migrations to run. current version: 20260106111810"}
{"time":"2026-02-10T11:06:38.319402+07:00","level":"INFO","msg":"успешная миграция БД"}
{"time":"2026-02-10T11:11:06.651129+07:00","level":"INFO","msg":"goose: no migrations to run. current version: 20260106111810"}
{"time":"2026-02-10T11:11:06.651336+07:00","level":"INFO","msg":"успешная миграция БД"}
{"time":"2026-02-10T11:14:46.810487+07:00","level":"INFO","msg":"goose: no migrations to run. current version: 20260106111810"}
{"time":"2026-02-10T11:14:46.810891+07:00","level":"INFO","msg":"успешная миграция БД"}
{"time":"2026-02-10T11:14:51.724419+07:00","level":"ERROR","msg":"ошибка при загрузке объявления","err":"sql: no rows in result set"}
{"time":"2026-02-10T11:15:02.342435+07:00","level":"INFO","msg":"goose: no migrations to run. current version: 20260106111810"}
{"time":"2026-02-10T11:15:02.342572+07:00","level":"INFO","msg":"успешная миграция БД"}
{"time":"2026-02-10T11:15:04.416529+07:00","level":"ERROR","msg":"ошибка при загрузке объявления","err":"sql: no rows in result set"}
{"time":"2026-02-10T11:18:06.743847+07:00","level":"INFO","msg":"goose: no migrations to run. current version: 20260106111810"}
{"time":"2026-02-10T11:18:06.744096+07:00","level":"INFO","source":{"function":"vietio/internal/app.RunMigrations","file":"/Users/vladimir/brainstorm/vietio/internal/app/app.go","line":27},"msg":"успешная миграция БД"}
{"time":"2026-02-10T11:20:19.312509+07:00","level":"ERROR","source":{"function":"vietio/internal/ads.(*Handler).GetAd","file":"/Users/vladimir/brainstorm/vietio/internal/ads/handler.go","line":97},"msg":"ошибка при загрузке объявления","err":"sql: no rows in result set"}
{"time":"2026-02-10T11:25:47.292948+07:00","level":"INFO","msg":"goose: no migrations to run. current version: 20260106111810"}
{"time":"2026-02-10T11:25:47.293357+07:00","level":"INFO","msg":"успешная миграция БД"}
{"time":"2026-02-10T11:25:49.200822+07:00","level":"ERROR","msg":"ошибка при загрузке объявления","err":"не удалось найти объявление 019c0d22-c66d-7c91-aa2a-8035b52b2e07"}
{"time":"2026-02-10T11:29:27.320135+07:00","level":"ERROR","msg":"ошибка при загрузке объявления","err":"не удалось найти объявление 019c3398-005c-7b83-90b3-c1f77d000301"}
{"time":"2026-02-10T11:50:42.641546+07:00","level":"INFO","msg":"goose: no migrations to run. current version: 20260106111810"}
{"time":"2026-02-10T11:50:42.641768+07:00","level":"INFO","msg":"успешная миграция БД"}
{"time":"2026-02-10T11:54:47.068082+07:00","level":"INFO","msg":"goose: no migrations to run. current version: 20260106111810"}
{"time":"2026-02-10T11:54:47.068245+07:00","level":"INFO","msg":"успешная миграция БД"}
{"time":"2026-02-10T11:54:49.798305+07:00","level":"ERROR","msg":"ошибка при загрузке объявления","err":"ad user not found"}
{"time":"2026-02-10T11:56:39.855995+07:00","level":"INFO","msg":"goose: no migrations to run. current version: 20260106111810"}
{"time":"2026-02-10T11:56:39.856359+07:00","level":"INFO","msg":"успешная миграция БД"}
{"time":"2026-02-10T11:56:42.268524+07:00","level":"ERROR","msg":"ad error","err":"ad user not found","uuid":"019c3398-005c-7b83-90b3-c1f77d000302"}
{"time":"2026-02-10T11:58:49.009457+07:00","level":"INFO","msg":"goose: no migrations to run. current version: 20260106111810"}
{"time":"2026-02-10T11:58:49.009658+07:00","level":"INFO","msg":"успешная миграция БД"}
{"time":"2026-02-10T21:39:12.277062+07:00","level":"INFO","msg":"goose: no migrations to run. current version: 20260106111810"}
{"time":"2026-02-10T21:39:12.277382+07:00","level":"INFO","msg":"успешная миграция БД"}
{"time":"2026-02-10T22:13:30.665575+07:00","level":"INFO","msg":"goose: no migrations to run. current version: 20260106111810"}
{"time":"2026-02-10T22:13:30.667297+07:00","level":"INFO","msg":"успешная миграция БД"}
{"time":"2026-02-10T22:13:33.939754+07:00","level":"ERROR","msg":"panic recovered","error":"hello","stack":"goroutine 24 [running]:\nruntime/debug.Stack()\n\t/opt/homebrew/Cellar/go/1.25.3/libexec/src/runtime/debug/stack.go:26 +0x64\nvietio/internal/app.RunHttpServer.RecoverMiddleware.func8.1()\n\t/Users/vladimir/brainstorm/vietio/internal/middleware/recover.go:15 +0x88\npanic({0x101641820?, 0x1017f00c0?})\n\t/opt/homebrew/Cellar/go/1.25.3/libexec/src/runtime/panic.go:783 +0x120\nvietio/internal/ads.(*Handler).GetAd(0x130?, {0x101804578, 0x140000c2000}, 0x100c04ed4?)\n\t/Users/vladimir/brainstorm/vietio/internal/ads/handler.go:95 +0xd0\nnet/http.HandlerFunc.ServeHTTP(0x14000344b40?, {0x101804578?, 0x140000c2000?}, 0x1017eeeb0?)\n\t/opt/homebrew/Cellar/go/1.25.3/libexec/src/net/http/server.go:2322 +0x38\nvietio/internal/app.RunHttpServer.RunHttpServer.AuthJWT.func1.func3({0x101804578, 0x140000c2000}, 0x14000344b40)\n\t/Users/vladimir/brainstorm/vietio/internal/middleware/auth_jwt.go:37 +0x170\nnet/http.HandlerFunc.ServeHTTP(0x140002f0cc0?, {0x101804578?, 0x140000c2000?}, 0x0?)\n\t/opt/homebrew/Cellar/go/1.25.3/libexec/src/net/http/server.go:2322 +0x38\nnet/http.(*ServeMux).ServeHTTP(0x101f6fd40?, {0x101804578, 0x140000c2000}, 0x14000344b40)\n\t/opt/homebrew/Cellar/go/1.25.3/libexec/src/net/http/server.go:2861 +0x190\nvietio/internal/app.RunHttpServer.RecoverMiddleware.func8({0x101804578?, 0x140000c2000?}, 0x1400011e6c8?)\n\t/Users/vladimir/brainstorm/vietio/internal/middleware/recover.go:23 +0x6c\nnet/http.HandlerFunc.ServeHTTP(0x1400009e020?, {0x101804578?, 0x140000c2000?}, 0x1400008cb50?)\n\t/opt/homebrew/Cellar/go/1.25.3/libexec/src/net/http/server.go:2322 +0x38\nnet/http.serverHandler.ServeHTTP({0x14000329200?}, {0x101804578?, 0x140000c2000?}, 0x6?)\n\t/opt/homebrew/Cellar/go/1.25.3/libexec/src/net/http/server.go:3340 +0xb0\nnet/http.(*conn).serve(0x140002e1830, {0x101805f88, 0x14000365b00})\n\t/opt/homebrew/Cellar/go/1.25.3/libexec/src/net/http/server.go:2109 +0x528\ncreated by net/http.(*Server).Serve in goroutine 1\n\t/opt/homebrew/Cellar/go/1.25.3/libexec/src/net/http/server.go:3493 +0x384\n","method":"GET","path":"/api/ads/019c3398-007b-7fe5-b265-5af1593f9213"}
{"time":"2026-02-10T22:14:23.943898+07:00","level":"ERROR","msg":"panic recovered","error":"hello","stack":"goroutine 26 [running]:\nruntime/debug.Stack()\n\t/opt/homebrew/Cellar/go/1.25.3/libexec/src/runtime/debug/stack.go:26 +0x64\nvietio/internal/app.RunHttpServer.RecoverMiddleware.func8.1()\n\t/Users/vladimir/brainstorm/vietio/internal/middleware/recover.go:15 +0x88\npanic({0x101641820?, 0x1017f00c0?})\n\t/opt/homebrew/Cellar/go/1.25.3/libexec/src/runtime/panic.go:783 +0x120\nvietio/internal/ads.(*Handler).GetAd(0x130?, {0x101804578, 0x1400012b680}, 0x100c04ed4?)\n\t/Users/vladimir/brainstorm/vietio/internal/ads/handler.go:95 +0xd0\nnet/http.HandlerFunc.ServeHTTP(0x14000344f00?, {0x101804578?, 0x1400012b680?}, 0x1017eeeb0?)\n\t/opt/homebrew/Cellar/go/1.25.3/libexec/src/net/http/server.go:2322 +0x38\nvietio/internal/app.RunHttpServer.RunHttpServer.AuthJWT.func1.func3({0x101804578, 0x1400012b680}, 0x14000344f00)\n\t/Users/vladimir/brainstorm/vietio/internal/middleware/auth_jwt.go:37 +0x170\nnet/http.HandlerFunc.ServeHTTP(0x140002f0cc0?, {0x101804578?, 0x1400012b680?}, 0x0?)\n\t/opt/homebrew/Cellar/go/1.25.3/libexec/src/net/http/server.go:2322 +0x38\nnet/http.(*ServeMux).ServeHTTP(0x101f6fd40?, {0x101804578, 0x1400012b680}, 0x14000344f00)\n\t/opt/homebrew/Cellar/go/1.25.3/libexec/src/net/http/server.go:2861 +0x190\nvietio/internal/app.RunHttpServer.RecoverMiddleware.func8({0x101804578?, 0x1400012b680?}, 0x1400011e6e0?)\n\t/Users/vladimir/brainstorm/vietio/internal/middleware/recover.go:23 +0x6c\nnet/http.HandlerFunc.ServeHTTP(0x140003316a0?, {0x101804578?, 0x1400012b680?}, 0x1400008db50?)\n\t/opt/homebrew/Cellar/go/1.25.3/libexec/src/net/http/server.go:2322 +0x38\nnet/http.serverHandler.ServeHTTP({0x14000329380?}, {0x101804578?, 0x1400012b680?}, 0x6?)\n\t/opt/homebrew/Cellar/go/1.25.3/libexec/src/net/http/server.go:3340 +0xb0\nnet/http.(*conn).serve(0x140002e19e0, {0x101805f88, 0x14000365b00})\n\t/opt/homebrew/Cellar/go/1.25.3/libexec/src/net/http/server.go:2109 +0x528\ncreated by net/http.(*Server).Serve in goroutine 1\n\t/opt/homebrew/Cellar/go/1.25.3/libexec/src/net/http/server.go:3493 +0x384\n","method":"GET","path":"/api/ads/019c3398-0067-71fb-b10e-cd24cc2b5ec9"}
{"time":"2026-02-10T22:15:08.284489+07:00","level":"ERROR","msg":"panic recovered","error":"hello","stack":"goroutine 33 [running]:\nruntime/debug.Stack()\n\t/opt/homebrew/Cellar/go/1.25.3/libexec/src/runtime/debug/stack.go:26 +0x64\nvietio/internal/app.RunHttpServer.RecoverMiddleware.func8.1()\n\t/Users/vladimir/brainstorm/vietio/internal/middleware/recover.go:15 +0x88\npanic({0x101641820?, 0x1017f00c0?})\n\t/opt/homebrew/Cellar/go/1.25.3/libexec/src/runtime/panic.go:783 +0x120\nvietio/internal/ads.(*Handler).GetAd(0x130?, {0x101804578, 0x1400012b860}, 0x100c04ed4?)\n\t/Users/vladimir/brainstorm/vietio/internal/ads/handler.go:95 +0xd0\nnet/http.HandlerFunc.ServeHTTP(0x140003452c0?, {0x101804578?, 0x1400012b860?}, 0x1017eeeb0?)\n\t/opt/homebrew/Cellar/go/1.25.3/libexec/src/net/http/server.go:2322 +0x38\nvietio/internal/app.RunHttpServer.RunHttpServer.AuthJWT.func1.func3({0x101804578, 0x1400012b860}, 0x140003452c0)\n\t/Users/vladimir/brainstorm/vietio/internal/middleware/auth_jwt.go:37 +0x170\nnet/http.HandlerFunc.ServeHTTP(0x140002f0cc0?, {0x101804578?, 0x1400012b860?}, 0x0?)\n\t/opt/homebrew/Cellar/go/1.25.3/libexec/src/net/http/server.go:2322 +0x38\nnet/http.(*ServeMux).ServeHTTP(0x101f6fd40?, {0x101804578, 0x1400012b860}, 0x140003452c0)\n\t/opt/homebrew/Cellar/go/1.25.3/libexec/src/net/http/server.go:2861 +0x190\nvietio/internal/app.RunHttpServer.RecoverMiddleware.func8({0x101804578?, 0x1400012b860?}, 0x1400011e710?)\n\t/Users/vladimir/brainstorm/vietio/internal/middleware/recover.go:23 +0x6c\nnet/http.HandlerFunc.ServeHTTP(0x140003318e0?, {0x101804578?, 0x1400012b860?}, 0x1400008db50?)\n\t/opt/homebrew/Cellar/go/1.25.3/libexec/src/net/http/server.go:2322 +0x38\nnet/http.serverHandler.ServeHTTP({0x14000329500?}, {0x101804578?, 0x1400012b860?}, 0x6?)\n\t/opt/homebrew/Cellar/go/1.25.3/libexec/src/net/http/server.go:3340 +0xb0\nnet/http.(*conn).serve(0x140002e1e60, {0x101805f88, 0x14000365b00})\n\t/opt/homebrew/Cellar/go/1.25.3/libexec/src/net/http/server.go:2109 +0x528\ncreated by net/http.(*Server).Serve in goroutine 1\n\t/opt/homebrew/Cellar/go/1.25.3/libexec/src/net/http/server.go:3493 +0x384\n","method":"GET","path":"/api/ads/019c3398-006c-73d6-aef4-d69723261d0d"}
{"time":"2026-02-10T22:16:07.551013+07:00","level":"ERROR","msg":"panic recovered","error":"hello","stack":"goroutine 52 [running]:\nruntime/debug.Stack()\n\t/opt/homebrew/Cellar/go/1.25.3/libexec/src/runtime/debug/stack.go:26 +0x64\nvietio/internal/app.RunHttpServer.RecoverMiddleware.func8.1()\n\t/Users/vladimir/brainstorm/vietio/internal/middleware/recover.go:15 +0x88\npanic({0x101641820?, 0x1017f00c0?})\n\t/opt/homebrew/Cellar/go/1.25.3/libexec/src/runtime/panic.go:783 +0x120\nvietio/internal/ads.(*Handler).GetAd(0x130?, {0x101804578, 0x140001e2000}, 0x100c04ed4?)\n\t/Users/vladimir/brainstorm/vietio/internal/ads/handler.go:95 +0xd0\nnet/http.HandlerFunc.ServeHTTP(0x140001d6000?, {0x101804578?, 0x140001e2000?}, 0x1017eeeb0?)\n\t/opt/homebrew/Cellar/go/1.25.3/libexec/src/net/http/server.go:2322 +0x38\nvietio/internal/app.RunHttpServer.RunHttpServer.AuthJWT.func1.func3({0x101804578, 0x140001e2000}, 0x140001d6000)\n\t/Users/vladimir/brainstorm/vietio/internal/middleware/auth_jwt.go:37 +0x170\nnet/http.HandlerFunc.ServeHTTP(0x140002f0cc0?, {0x101804578?, 0x140001e2000?}, 0x0?)\n\t/opt/homebrew/Cellar/go/1.25.3/libexec/src/net/http/server.go:2322 +0x38\nnet/http.(*ServeMux).ServeHTTP(0x101f6fd40?, {0x101804578, 0x140001e2000}, 0x140001d6000)\n\t/opt/homebrew/Cellar/go/1.25.3/libexec/src/net/http/server.go:2861 +0x190\nvietio/internal/app.RunHttpServer.RecoverMiddleware.func8({0x101804578?, 0x140001e2000?}, 0x140001a0008?)\n\t/Users/vladimir/brainstorm/vietio/internal/middleware/recover.go:23 +0x6c\nnet/http.HandlerFunc.ServeHTTP(0x14000188140?, {0x101804578?, 0x140001e2000?}, 0x14000400b50?)\n\t/opt/homebrew/Cellar/go/1.25.3/libexec/src/net/http/server.go:2322 +0x38\nnet/http.serverHandler.ServeHTTP({0x1400019c100?}, {0x101804578?, 0x140001e2000?}, 0x6?)\n\t/opt/homebrew/Cellar/go/1.25.3/libexec/src/net/http/server.go:3340 +0xb0\nnet/http.(*conn).serve(0x140001d4000, {0x101805f88, 0x14000365b00})\n\t/opt/homebrew/Cellar/go/1.25.3/libexec/src/net/http/server.go:2109 +0x528\ncreated by net/http.(*Server).Serve in goroutine 1\n\t/opt/homebrew/Cellar/go/1.25.3/libexec/src/net/http/server.go:3493 +0x384\n","method":"GET","path":"/api/ads/019c3398-006c-73d6-aef4-d69723261d0d"}
{"time":"2026-02-10T22:16:46.928453+07:00","level":"ERROR","msg":"panic recovered","error":"hello","stack":"goroutine 63 [running]:\nruntime/debug.Stack()\n\t/opt/homebrew/Cellar/go/1.25.3/libexec/src/runtime/debug/stack.go:26 +0x64\nvietio/internal/app.RunHttpServer.RecoverMiddleware.func8.1()\n\t/Users/vladimir/brainstorm/vietio/internal/middleware/recover.go:15 +0x88\npanic({0x101641820?, 0x1017f00c0?})\n\t/opt/homebrew/Cellar/go/1.25.3/libexec/src/runtime/panic.go:783 +0x120\nvietio/internal/ads.(*Handler).GetAd(0x130?, {0x101804578, 0x140001e23c0}, 0x100c04ed4?)\n\t/Users/vladimir/brainstorm/vietio/internal/ads/handler.go:95 +0xd0\nnet/http.HandlerFunc.ServeHTTP(0x140001d6780?, {0x101804578?, 0x140001e23c0?}, 0x1017eeeb0?)\n\t/opt/homebrew/Cellar/go/1.25.3/libexec/src/net/http/server.go:2322 +0x38\nvietio/internal/app.RunHttpServer.RunHttpServer.AuthJWT.func1.func3({0x101804578, 0x140001e23c0}, 0x140001d6780)\n\t/Users/vladimir/brainstorm/vietio/internal/middleware/auth_jwt.go:37 +0x170\nnet/http.HandlerFunc.ServeHTTP(0x140002f0cc0?, {0x101804578?, 0x140001e23c0?}, 0x0?)\n\t/opt/homebrew/Cellar/go/1.25.3/libexec/src/net/http/server.go:2322 +0x38\nnet/http.(*ServeMux).ServeHTTP(0x14000100008?, {0x101804578, 0x140001e23c0}, 0x140001d6780)\n\t/opt/homebrew/Cellar/go/1.25.3/libexec/src/net/http/server.go:2861 +0x190\nvietio/internal/app.RunHttpServer.RecoverMiddleware.func8({0x101804578?, 0x140001e23c0?}, 0x140001a0060?)\n\t/Users/vladimir/brainstorm/vietio/internal/middleware/recover.go:23 +0x6c\nnet/http.HandlerFunc.ServeHTTP(0x140001884a0?, {0x101804578?, 0x140001e23c0?}, 0x14000400b50?)\n\t/opt/homebrew/Cellar/go/1.25.3/libexec/src/net/http/server.go:2322 +0x38\nnet/http.serverHandler.ServeHTTP({0x1400019c400?}, {0x101804578?, 0x140001e23c0?}, 0x6?)\n\t/opt/homebrew/Cellar/go/1.25.3/libexec/src/net/http/server.go:3340 +0xb0\nnet/http.(*conn).serve(0x140001d4900, {0x101805f88, 0x14000365b00})\n\t/opt/homebrew/Cellar/go/1.25.3/libexec/src/net/http/server.go:2109 +0x528\ncreated by net/http.(*Server).Serve in goroutine 1\n\t/opt/homebrew/Cellar/go/1.25.3/libexec/src/net/http/server.go:3493 +0x384\n","method":"GET","path":"/api/ads/019c3398-006c-73d6-aef4-d69723261d0d"}
{"time":"2026-02-10T22:19:09.985321+07:00","level":"INFO","msg":"goose: no migrations to run. current version: 20260106111810"}
{"time":"2026-02-10T22:19:09.985554+07:00","level":"INFO","msg":"успешная миграция БД"}
{"time":"2026-02-10T22:39:48.82321+07:00","level":"INFO","msg":"goose: no migrations to run. current version: 20260106111810"}
{"time":"2026-02-10T22:39:48.823688+07:00","level":"INFO","msg":"успешная миграция БД"}
{"time":"2026-02-10T22:56:07.874583+07:00","level":"INFO","msg":"goose: no migrations to run. current version: 20260106111810"}
{"time":"2026-02-10T22:56:07.875824+07:00","level":"INFO","msg":"успешная миграция БД"}
{"time":"2026-02-12T10:54:08.744057+07:00","level":"INFO","msg":"goose: no migrations to run. current version: 20260106111810"}
{"time":"2026-02-12T10:54:08.744377+07:00","level":"INFO","msg":"успешная миграция БД"}
{"time":"2026-02-12T11:10:56.78881+07:00","level":"INFO","msg":"goose: no migrations to run. current version: 20260106111810"}
{"time":"2026-02-12T11:10:56.789036+07:00","level":"INFO","msg":"успешная миграция БД"}
{"time":"2026-02-12T11:16:15.258947+07:00","level":"INFO","msg":"goose: no migrations to run. current version: 20260106111810"}
{"time":"2026-02-12T11:16:15.260582+07:00","level":"INFO","msg":"успешная миграция БД"}
{"time":"2026-02-12T11:16:38.135187+07:00","level":"WARN","msg":"ad create error validation","err":";images должен быть > 0 и меньше 3","payload":{"title":"new cool ad","description":"desc new cool ad","price":0,"category_id":2}}
{"time":"2026-02-12T11:40:32.213528+07:00","level":"INFO","msg":"goose: no migrations to run. current version: 20260106111810"}
{"time":"2026-02-12T11:40:32.213763+07:00","level":"INFO","msg":"успешная миграция БД"}
{"time":"2026-02-12T11:40:35.121945+07:00","level":"WARN","msg":"ad create error validation","err":null}
{"time":"2026-02-12T11:40:37.141354+07:00","level":"INFO","msg":"http: superfluous response.WriteHeader call from vietio/internal/response.Json (response.go:10)"}
{"time":"2026-02-12T11:41:33.669141+07:00","level":"INFO","msg":"goose: no migrations to run. current version: 20260106111810"}
{"time":"2026-02-12T11:41:33.669379+07:00","level":"INFO","msg":"успешная миграция БД"}
{"time":"2026-02-12T11:41:37.75254+07:00","level":"WARN","msg":"ad create error validation","err":null}
{"time":"2026-02-12T11:41:54.015327+07:00","level":"INFO","msg":"goose: no migrations to run. current version: 20260106111810"}
{"time":"2026-02-12T11:41:54.01549+07:00","level":"INFO","msg":"успешная миграция БД"}
{"time":"2026-02-12T11:41:55.500412+07:00","level":"WARN","msg":"ad create error validation","err":null}
{"time":"2026-02-12T11:42:32.008134+07:00","level":"INFO","msg":"goose: no migrations to run. current version: 20260106111810"}
{"time":"2026-02-12T11:42:32.008348+07:00","level":"INFO","msg":"успешная миграция БД"}
{"time":"2026-02-12T11:42:33.720576+07:00","level":"WARN","msg":"ad create error validation","err":null}
{"time":"2026-02-12T11:42:39.546271+07:00","level":"WARN","msg":"ad create error validation","err":";price не может быть отрицательным","payload":{"title":"new cool ad","description":"desc new cool ad","price":-234,"category_id":2}}
{"time":"2026-02-12T11:42:49.839994+07:00","level":"WARN","msg":"ad create error validation","err":"strconv.Atoi: parsing \"2eq\": invalid syntax"}
{"time":"2026-02-12T11:43:04.782966+07:00","level":"WARN","msg":"ad create error validation","err":"strconv.Atoi: parsing \"2eq\": invalid syntax"}
{"time":"2026-02-13T11:55:15.816761+07:00","level":"INFO","msg":"goose: no migrations to run. current version: 20260106111810"}
{"time":"2026-02-13T11:55:15.817283+07:00","level":"INFO","msg":"успешная миграция БД"}
{"time":"2026-02-13T11:56:50.009925+07:00","level":"WARN","msg":"ad create error validation","err":null}
{"time":"2026-02-13T11:58:34.713511+07:00","level":"INFO","msg":"goose: no migrations to run. current version: 20260106111810"}
{"time":"2026-02-13T11:58:34.713701+07:00","level":"INFO","msg":"успешная миграция БД"}
{"time":"2026-02-13T12:01:46.713207+07:00","level":"WARN","msg":"ad create error validation","err":";price не может быть отрицательным","payload":{"title":"new cool ad","description":"desc new cool ad","price":-123,"category_id":2}}
{"time":"2026-02-13T12:09:36.630641+07:00","level":"INFO","msg":"goose: no migrations to run. current version: 20260106111810"}
{"time":"2026-02-13T12:09:36.630852+07:00","level":"INFO","msg":"успешная миграция БД"}
{"time":"2026-02-13T12:09:49.853303+07:00","level":"INFO","msg":"http: superfluous response.WriteHeader call from vietio/internal/response.Json (response.go:10)"}
{"time":"2026-02-13T12:09:56.975747+07:00","level":"INFO","msg":"http: superfluous response.WriteHeader call from vietio/internal/response.Json (response.go:10)"}
{"time":"2026-02-13T12:10:05.313245+07:00","level":"INFO","msg":"http: superfluous response.WriteHeader call from vietio/internal/response.Json (response.go:10)"}
{"time":"2026-02-13T12:11:02.74112+07:00","level":"INFO","msg":"goose: no migrations to run. current version: 20260106111810"}
{"time":"2026-02-13T12:11:02.741323+07:00","level":"INFO","msg":"успешная миграция БД"}
{"time":"2026-02-13T12:11:49.951717+07:00","level":"INFO","msg":"goose: no migrations to run. current version: 20260106111810"}
{"time":"2026-02-13T12:11:49.952082+07:00","level":"INFO","msg":"успешная миграция БД"}
{"time":"2026-02-13T12:15:40.575588+07:00","level":"INFO","msg":"goose: no migrations to run. current version: 20260106111810"}
{"time":"2026-02-13T12:15:40.575745+07:00","level":"INFO","msg":"успешная миграция БД"}
{"time":"2026-02-13T12:23:28.114303+07:00","level":"INFO","msg":"goose: no migrations to run. current version: 20260106111810"}
{"time":"2026-02-13T12:23:28.115287+07:00","level":"INFO","msg":"успешная миграция БД"}
